
*** Running vivado
    with args -log TOP_tb.vds -m64 -product Vivado -mode batch -messageDb vivado.pb -notrace -source TOP_tb.tcl


ECHO is off.
ECHO is off.

****** Vivado v2023.2 (64-bit)
  **** SW Build 4029153 on Fri Oct 13 20:14:34 MDT 2023
  **** IP Build 4028589 on Sat Oct 14 00:45:43 MDT 2023
  **** SharedData Build 4025554 on Tue Oct 10 17:18:54 MDT 2023
    ** Copyright 1986-2022 Xilinx, Inc. All Rights Reserved.
    ** Copyright 2022-2023 Advanced Micro Devices, Inc. All Rights Reserved.

source TOP_tb.tcl -notrace
create_project: Time (s): cpu = 00:00:05 ; elapsed = 00:00:08 . Memory (MB): peak = 473.848 ; gain = 179.223
Command: read_checkpoint -auto_incremental -incremental C:/Users/Papaja/Desktop/PRURE/Projekt_NK/Projekt_NK.srcs/utils_1/imports/synth_1/TOP.dcp
INFO: [Vivado 12-5825] Read reference checkpoint from C:/Users/Papaja/Desktop/PRURE/Projekt_NK/Projekt_NK.srcs/utils_1/imports/synth_1/TOP.dcp for incremental synthesis
INFO: [Vivado 12-7989] Please ensure there are no constraint changes
Command: synth_design -top TOP_tb -part xc7k70tfbv676-1
Starting synth_design
Attempting to get a license for feature 'Synthesis' and/or device 'xc7k70t'
INFO: [Common 17-349] Got license for feature 'Synthesis' and/or device 'xc7k70t'
INFO: [Device 21-403] Loading part xc7k70tfbv676-1
INFO: [Designutils 20-5440] No compile time benefit to using incremental synthesis; A full resynthesis will be run
INFO: [Designutils 20-4379] Flow is switching to default flow due to incremental criteria not met. If you would like to alter this behaviour and have the flow terminate instead, please set the following parameter config_implementation {autoIncr.Synth.RejectBehavior Terminate}
INFO: [Synth 8-7079] Multithreading enabled for synth_design using a maximum of 2 processes.
INFO: [Synth 8-7078] Launching helper process for spawning children vivado processes
INFO: [Synth 8-7075] Helper process launched with PID 1240
---------------------------------------------------------------------------------
Starting RTL Elaboration : Time (s): cpu = 00:00:04 ; elapsed = 00:00:06 . Memory (MB): peak = 1309.875 ; gain = 440.840
---------------------------------------------------------------------------------
INFO: [Synth 8-638] synthesizing module 'TOP_tb' [C:/Users/Papaja/Desktop/PRURE/TOP_tb.vhd:7]
INFO: [Synth 8-638] synthesizing module 'TOP' [C:/Users/Papaja/Desktop/PRURE/TOP.vhd:44]
INFO: [Synth 8-638] synthesizing module 'Debouncer' [C:/Users/Papaja/Desktop/PRURE/Debouncer.vhd:48]
	Parameter COUNT_MAX bound to: 2 - type: integer 
INFO: [Synth 8-256] done synthesizing module 'Debouncer' (0#1) [C:/Users/Papaja/Desktop/PRURE/Debouncer.vhd:48]
INFO: [Synth 8-638] synthesizing module 'Prescaler' [C:/Users/Papaja/Desktop/PRURE/Prescaler.vhd:14]
	Parameter prescalar bound to: 3 - type: integer 
	Parameter speed bound to: 2 - type: integer 
INFO: [Synth 8-256] done synthesizing module 'Prescaler' (0#1) [C:/Users/Papaja/Desktop/PRURE/Prescaler.vhd:14]
INFO: [Synth 8-638] synthesizing module 'Counter' [C:/Users/Papaja/Desktop/PRURE/Counter.vhd:45]
INFO: [Synth 8-256] done synthesizing module 'Counter' (0#1) [C:/Users/Papaja/Desktop/PRURE/Counter.vhd:45]
INFO: [Synth 8-638] synthesizing module 'Mode3' [C:/Users/Papaja/Desktop/PRURE/Mode3-1.vhd:42]
WARNING: [Synth 8-614] signal 'RESET' is read in the process but is not in the sensitivity list [C:/Users/Papaja/Desktop/PRURE/Mode3-1.vhd:51]
WARNING: [Synth 8-614] signal 'TICK' is read in the process but is not in the sensitivity list [C:/Users/Papaja/Desktop/PRURE/Mode3-1.vhd:51]
INFO: [Synth 8-256] done synthesizing module 'Mode3' (0#1) [C:/Users/Papaja/Desktop/PRURE/Mode3-1.vhd:42]
INFO: [Synth 8-638] synthesizing module 'Mode8' [C:/Users/Papaja/Desktop/PRURE/Mode8-1.vhd:45]
INFO: [Synth 8-226] default block is never used [C:/Users/Papaja/Desktop/PRURE/Mode8-1.vhd:72]
WARNING: [Synth 8-614] signal 'RESET' is read in the process but is not in the sensitivity list [C:/Users/Papaja/Desktop/PRURE/Mode8-1.vhd:57]
WARNING: [Synth 8-614] signal 'TICK' is read in the process but is not in the sensitivity list [C:/Users/Papaja/Desktop/PRURE/Mode8-1.vhd:57]
WARNING: [Synth 8-614] signal 'switch' is read in the process but is not in the sensitivity list [C:/Users/Papaja/Desktop/PRURE/Mode8-1.vhd:57]
INFO: [Synth 8-256] done synthesizing module 'Mode8' (0#1) [C:/Users/Papaja/Desktop/PRURE/Mode8-1.vhd:45]
INFO: [Synth 8-256] done synthesizing module 'TOP' (0#1) [C:/Users/Papaja/Desktop/PRURE/TOP.vhd:44]
WARNING: [Synth 8-312] ignoring unsynthesizable construct: non-synthesizable function call [C:/Users/Papaja/Desktop/PRURE/TOP_tb.vhd:34]
WARNING: [Synth 8-312] ignoring unsynthesizable construct: wait statement with no conditon [C:/Users/Papaja/Desktop/PRURE/TOP_tb.vhd:36]
WARNING: [Synth 8-312] ignoring unsynthesizable construct: non-synthesizable function call [C:/Users/Papaja/Desktop/PRURE/TOP_tb.vhd:34]
WARNING: [Synth 8-312] ignoring unsynthesizable construct: wait statement with no conditon [C:/Users/Papaja/Desktop/PRURE/TOP_tb.vhd:36]
WARNING: [Synth 8-312] ignoring unsynthesizable construct: non-synthesizable function call [C:/Users/Papaja/Desktop/PRURE/TOP_tb.vhd:34]
WARNING: [Synth 8-312] ignoring unsynthesizable construct: wait statement with no conditon [C:/Users/Papaja/Desktop/PRURE/TOP_tb.vhd:36]
WARNING: [Synth 8-312] ignoring unsynthesizable construct: non-synthesizable function call [C:/Users/Papaja/Desktop/PRURE/TOP_tb.vhd:34]
WARNING: [Synth 8-312] ignoring unsynthesizable construct: wait statement with no conditon [C:/Users/Papaja/Desktop/PRURE/TOP_tb.vhd:36]
WARNING: [Synth 8-312] ignoring unsynthesizable construct: non-synthesizable function call [C:/Users/Papaja/Desktop/PRURE/TOP_tb.vhd:34]
WARNING: [Synth 8-312] ignoring unsynthesizable construct: wait statement with no conditon [C:/Users/Papaja/Desktop/PRURE/TOP_tb.vhd:36]
WARNING: [Synth 8-312] ignoring unsynthesizable construct: non-synthesizable function call [C:/Users/Papaja/Desktop/PRURE/TOP_tb.vhd:34]
WARNING: [Synth 8-312] ignoring unsynthesizable construct: wait statement with no conditon [C:/Users/Papaja/Desktop/PRURE/TOP_tb.vhd:36]
WARNING: [Synth 8-312] ignoring unsynthesizable construct: non-synthesizable function call [C:/Users/Papaja/Desktop/PRURE/TOP_tb.vhd:34]
WARNING: [Synth 8-312] ignoring unsynthesizable construct: wait statement with no conditon [C:/Users/Papaja/Desktop/PRURE/TOP_tb.vhd:36]
WARNING: [Synth 8-312] ignoring unsynthesizable construct: non-synthesizable function call [C:/Users/Papaja/Desktop/PRURE/TOP_tb.vhd:34]
WARNING: [Synth 8-312] ignoring unsynthesizable construct: wait statement with no conditon [C:/Users/Papaja/Desktop/PRURE/TOP_tb.vhd:36]
WARNING: [Synth 8-312] ignoring unsynthesizable construct: non-synthesizable function call [C:/Users/Papaja/Desktop/PRURE/TOP_tb.vhd:34]
WARNING: [Synth 8-312] ignoring unsynthesizable construct: wait statement with no conditon [C:/Users/Papaja/Desktop/PRURE/TOP_tb.vhd:36]
WARNING: [Synth 8-312] ignoring unsynthesizable construct: non-synthesizable function call [C:/Users/Papaja/Desktop/PRURE/TOP_tb.vhd:34]
WARNING: [Synth 8-312] ignoring unsynthesizable construct: wait statement with no conditon [C:/Users/Papaja/Desktop/PRURE/TOP_tb.vhd:36]
WARNING: [Synth 8-312] ignoring unsynthesizable construct: non-synthesizable function call [C:/Users/Papaja/Desktop/PRURE/TOP_tb.vhd:34]
WARNING: [Synth 8-312] ignoring unsynthesizable construct: wait statement with no conditon [C:/Users/Papaja/Desktop/PRURE/TOP_tb.vhd:36]
WARNING: [Synth 8-312] ignoring unsynthesizable construct: non-synthesizable function call [C:/Users/Papaja/Desktop/PRURE/TOP_tb.vhd:34]
WARNING: [Synth 8-312] ignoring unsynthesizable construct: wait statement with no conditon [C:/Users/Papaja/Desktop/PRURE/TOP_tb.vhd:36]
WARNING: [Synth 8-312] ignoring unsynthesizable construct: non-synthesizable function call [C:/Users/Papaja/Desktop/PRURE/TOP_tb.vhd:34]
WARNING: [Synth 8-312] ignoring unsynthesizable construct: wait statement with no conditon [C:/Users/Papaja/Desktop/PRURE/TOP_tb.vhd:36]
WARNING: [Synth 8-312] ignoring unsynthesizable construct: non-synthesizable function call [C:/Users/Papaja/Desktop/PRURE/TOP_tb.vhd:34]
WARNING: [Synth 8-312] ignoring unsynthesizable construct: wait statement with no conditon [C:/Users/Papaja/Desktop/PRURE/TOP_tb.vhd:36]
WARNING: [Synth 8-312] ignoring unsynthesizable construct: non-synthesizable function call [C:/Users/Papaja/Desktop/PRURE/TOP_tb.vhd:34]
WARNING: [Synth 8-312] ignoring unsynthesizable construct: wait statement with no conditon [C:/Users/Papaja/Desktop/PRURE/TOP_tb.vhd:36]
WARNING: [Synth 8-312] ignoring unsynthesizable construct: non-synthesizable function call [C:/Users/Papaja/Desktop/PRURE/TOP_tb.vhd:34]
WARNING: [Synth 8-312] ignoring unsynthesizable construct: wait statement with no conditon [C:/Users/Papaja/Desktop/PRURE/TOP_tb.vhd:36]
WARNING: [Synth 8-312] ignoring unsynthesizable construct: non-synthesizable function call [C:/Users/Papaja/Desktop/PRURE/TOP_tb.vhd:34]
WARNING: [Synth 8-312] ignoring unsynthesizable construct: wait statement with no conditon [C:/Users/Papaja/Desktop/PRURE/TOP_tb.vhd:36]
WARNING: [Synth 8-312] ignoring unsynthesizable construct: non-synthesizable function call [C:/Users/Papaja/Desktop/PRURE/TOP_tb.vhd:34]
WARNING: [Synth 8-312] ignoring unsynthesizable construct: wait statement with no conditon [C:/Users/Papaja/Desktop/PRURE/TOP_tb.vhd:36]
WARNING: [Synth 8-312] ignoring unsynthesizable construct: non-synthesizable function call [C:/Users/Papaja/Desktop/PRURE/TOP_tb.vhd:34]
WARNING: [Synth 8-312] ignoring unsynthesizable construct: wait statement with no conditon [C:/Users/Papaja/Desktop/PRURE/TOP_tb.vhd:36]
WARNING: [Synth 8-312] ignoring unsynthesizable construct: non-synthesizable function call [C:/Users/Papaja/Desktop/PRURE/TOP_tb.vhd:34]
WARNING: [Synth 8-312] ignoring unsynthesizable construct: wait statement with no conditon [C:/Users/Papaja/Desktop/PRURE/TOP_tb.vhd:36]
WARNING: [Synth 8-312] ignoring unsynthesizable construct: non-synthesizable function call [C:/Users/Papaja/Desktop/PRURE/TOP_tb.vhd:34]
WARNING: [Synth 8-312] ignoring unsynthesizable construct: wait statement with no conditon [C:/Users/Papaja/Desktop/PRURE/TOP_tb.vhd:36]
WARNING: [Synth 8-312] ignoring unsynthesizable construct: non-synthesizable function call [C:/Users/Papaja/Desktop/PRURE/TOP_tb.vhd:34]
WARNING: [Synth 8-312] ignoring unsynthesizable construct: wait statement with no conditon [C:/Users/Papaja/Desktop/PRURE/TOP_tb.vhd:36]
WARNING: [Synth 8-312] ignoring unsynthesizable construct: non-synthesizable function call [C:/Users/Papaja/Desktop/PRURE/TOP_tb.vhd:34]
WARNING: [Synth 8-312] ignoring unsynthesizable construct: wait statement with no conditon [C:/Users/Papaja/Desktop/PRURE/TOP_tb.vhd:36]
WARNING: [Synth 8-312] ignoring unsynthesizable construct: non-synthesizable function call [C:/Users/Papaja/Desktop/PRURE/TOP_tb.vhd:34]
WARNING: [Synth 8-312] ignoring unsynthesizable construct: wait statement with no conditon [C:/Users/Papaja/Desktop/PRURE/TOP_tb.vhd:36]
WARNING: [Synth 8-312] ignoring unsynthesizable construct: non-synthesizable function call [C:/Users/Papaja/Desktop/PRURE/TOP_tb.vhd:34]
WARNING: [Synth 8-312] ignoring unsynthesizable construct: wait statement with no conditon [C:/Users/Papaja/Desktop/PRURE/TOP_tb.vhd:36]
WARNING: [Synth 8-312] ignoring unsynthesizable construct: non-synthesizable function call [C:/Users/Papaja/Desktop/PRURE/TOP_tb.vhd:34]
WARNING: [Synth 8-312] ignoring unsynthesizable construct: wait statement with no conditon [C:/Users/Papaja/Desktop/PRURE/TOP_tb.vhd:36]
WARNING: [Synth 8-312] ignoring unsynthesizable construct: non-synthesizable function call [C:/Users/Papaja/Desktop/PRURE/TOP_tb.vhd:34]
WARNING: [Synth 8-312] ignoring unsynthesizable construct: wait statement with no conditon [C:/Users/Papaja/Desktop/PRURE/TOP_tb.vhd:36]
WARNING: [Synth 8-312] ignoring unsynthesizable construct: non-synthesizable function call [C:/Users/Papaja/Desktop/PRURE/TOP_tb.vhd:34]
WARNING: [Synth 8-312] ignoring unsynthesizable construct: wait statement with no conditon [C:/Users/Papaja/Desktop/PRURE/TOP_tb.vhd:36]
WARNING: [Synth 8-312] ignoring unsynthesizable construct: non-synthesizable function call [C:/Users/Papaja/Desktop/PRURE/TOP_tb.vhd:34]
WARNING: [Synth 8-312] ignoring unsynthesizable construct: wait statement with no conditon [C:/Users/Papaja/Desktop/PRURE/TOP_tb.vhd:36]
WARNING: [Synth 8-312] ignoring unsynthesizable construct: non-synthesizable function call [C:/Users/Papaja/Desktop/PRURE/TOP_tb.vhd:34]
WARNING: [Synth 8-312] ignoring unsynthesizable construct: wait statement with no conditon [C:/Users/Papaja/Desktop/PRURE/TOP_tb.vhd:36]
WARNING: [Synth 8-312] ignoring unsynthesizable construct: non-synthesizable function call [C:/Users/Papaja/Desktop/PRURE/TOP_tb.vhd:34]
WARNING: [Synth 8-312] ignoring unsynthesizable construct: wait statement with no conditon [C:/Users/Papaja/Desktop/PRURE/TOP_tb.vhd:36]
WARNING: [Synth 8-312] ignoring unsynthesizable construct: non-synthesizable function call [C:/Users/Papaja/Desktop/PRURE/TOP_tb.vhd:34]
WARNING: [Synth 8-312] ignoring unsynthesizable construct: wait statement with no conditon [C:/Users/Papaja/Desktop/PRURE/TOP_tb.vhd:36]
WARNING: [Synth 8-312] ignoring unsynthesizable construct: non-synthesizable function call [C:/Users/Papaja/Desktop/PRURE/TOP_tb.vhd:34]
WARNING: [Synth 8-312] ignoring unsynthesizable construct: wait statement with no conditon [C:/Users/Papaja/Desktop/PRURE/TOP_tb.vhd:36]
WARNING: [Synth 8-312] ignoring unsynthesizable construct: non-synthesizable function call [C:/Users/Papaja/Desktop/PRURE/TOP_tb.vhd:34]
WARNING: [Synth 8-312] ignoring unsynthesizable construct: wait statement with no conditon [C:/Users/Papaja/Desktop/PRURE/TOP_tb.vhd:36]
WARNING: [Synth 8-312] ignoring unsynthesizable construct: non-synthesizable function call [C:/Users/Papaja/Desktop/PRURE/TOP_tb.vhd:34]
WARNING: [Synth 8-312] ignoring unsynthesizable construct: wait statement with no conditon [C:/Users/Papaja/Desktop/PRURE/TOP_tb.vhd:36]
WARNING: [Synth 8-312] ignoring unsynthesizable construct: non-synthesizable function call [C:/Users/Papaja/Desktop/PRURE/TOP_tb.vhd:34]
WARNING: [Synth 8-312] ignoring unsynthesizable construct: wait statement with no conditon [C:/Users/Papaja/Desktop/PRURE/TOP_tb.vhd:36]
WARNING: [Synth 8-312] ignoring unsynthesizable construct: non-synthesizable function call [C:/Users/Papaja/Desktop/PRURE/TOP_tb.vhd:34]
WARNING: [Synth 8-312] ignoring unsynthesizable construct: wait statement with no conditon [C:/Users/Papaja/Desktop/PRURE/TOP_tb.vhd:36]
WARNING: [Synth 8-312] ignoring unsynthesizable construct: non-synthesizable function call [C:/Users/Papaja/Desktop/PRURE/TOP_tb.vhd:34]
WARNING: [Synth 8-312] ignoring unsynthesizable construct: wait statement with no conditon [C:/Users/Papaja/Desktop/PRURE/TOP_tb.vhd:36]
WARNING: [Synth 8-312] ignoring unsynthesizable construct: non-synthesizable function call [C:/Users/Papaja/Desktop/PRURE/TOP_tb.vhd:34]
WARNING: [Synth 8-312] ignoring unsynthesizable construct: wait statement with no conditon [C:/Users/Papaja/Desktop/PRURE/TOP_tb.vhd:36]
WARNING: [Synth 8-312] ignoring unsynthesizable construct: non-synthesizable function call [C:/Users/Papaja/Desktop/PRURE/TOP_tb.vhd:34]
WARNING: [Synth 8-312] ignoring unsynthesizable construct: wait statement with no conditon [C:/Users/Papaja/Desktop/PRURE/TOP_tb.vhd:36]
WARNING: [Synth 8-312] ignoring unsynthesizable construct: non-synthesizable function call [C:/Users/Papaja/Desktop/PRURE/TOP_tb.vhd:34]
WARNING: [Synth 8-312] ignoring unsynthesizable construct: wait statement with no conditon [C:/Users/Papaja/Desktop/PRURE/TOP_tb.vhd:36]
WARNING: [Synth 8-312] ignoring unsynthesizable construct: non-synthesizable function call [C:/Users/Papaja/Desktop/PRURE/TOP_tb.vhd:34]
WARNING: [Synth 8-312] ignoring unsynthesizable construct: wait statement with no conditon [C:/Users/Papaja/Desktop/PRURE/TOP_tb.vhd:36]
WARNING: [Synth 8-312] ignoring unsynthesizable construct: non-synthesizable function call [C:/Users/Papaja/Desktop/PRURE/TOP_tb.vhd:34]
WARNING: [Synth 8-312] ignoring unsynthesizable construct: wait statement with no conditon [C:/Users/Papaja/Desktop/PRURE/TOP_tb.vhd:36]
WARNING: [Synth 8-312] ignoring unsynthesizable construct: non-synthesizable function call [C:/Users/Papaja/Desktop/PRURE/TOP_tb.vhd:34]
WARNING: [Synth 8-312] ignoring unsynthesizable construct: wait statement with no conditon [C:/Users/Papaja/Desktop/PRURE/TOP_tb.vhd:36]
WARNING: [Synth 8-312] ignoring unsynthesizable construct: non-synthesizable function call [C:/Users/Papaja/Desktop/PRURE/TOP_tb.vhd:34]
WARNING: [Synth 8-312] ignoring unsynthesizable construct: wait statement with no conditon [C:/Users/Papaja/Desktop/PRURE/TOP_tb.vhd:36]
WARNING: [Synth 8-312] ignoring unsynthesizable construct: non-synthesizable function call [C:/Users/Papaja/Desktop/PRURE/TOP_tb.vhd:34]
WARNING: [Synth 8-312] ignoring unsynthesizable construct: wait statement with no conditon [C:/Users/Papaja/Desktop/PRURE/TOP_tb.vhd:36]
WARNING: [Synth 8-312] ignoring unsynthesizable construct: non-synthesizable function call [C:/Users/Papaja/Desktop/PRURE/TOP_tb.vhd:34]
WARNING: [Synth 8-312] ignoring unsynthesizable construct: wait statement with no conditon [C:/Users/Papaja/Desktop/PRURE/TOP_tb.vhd:36]
WARNING: [Synth 8-312] ignoring unsynthesizable construct: non-synthesizable function call [C:/Users/Papaja/Desktop/PRURE/TOP_tb.vhd:34]
WARNING: [Synth 8-312] ignoring unsynthesizable construct: wait statement with no conditon [C:/Users/Papaja/Desktop/PRURE/TOP_tb.vhd:36]
WARNING: [Synth 8-312] ignoring unsynthesizable construct: non-synthesizable function call [C:/Users/Papaja/Desktop/PRURE/TOP_tb.vhd:34]
WARNING: [Synth 8-312] ignoring unsynthesizable construct: wait statement with no conditon [C:/Users/Papaja/Desktop/PRURE/TOP_tb.vhd:36]
WARNING: [Synth 8-312] ignoring unsynthesizable construct: non-synthesizable function call [C:/Users/Papaja/Desktop/PRURE/TOP_tb.vhd:34]
WARNING: [Synth 8-312] ignoring unsynthesizable construct: wait statement with no conditon [C:/Users/Papaja/Desktop/PRURE/TOP_tb.vhd:36]
INFO: [Common 17-14] Message 'Synth 8-312' appears 100 times and further instances of the messages will be disabled. Use the Tcl command set_msg_config to change the current settings.
ERROR: [Synth 8-403] loop limit (65536) exceeded [C:/Users/Papaja/Desktop/PRURE/TOP_tb.vhd:34]
ERROR: [Synth 8-285] failed synthesizing module 'TOP_tb' [C:/Users/Papaja/Desktop/PRURE/TOP_tb.vhd:7]
---------------------------------------------------------------------------------
Finished RTL Elaboration : Time (s): cpu = 00:00:12 ; elapsed = 00:00:16 . Memory (MB): peak = 1445.789 ; gain = 576.754
---------------------------------------------------------------------------------
RTL Elaboration failed
INFO: [Common 17-83] Releasing license: Synthesis
25 Infos, 105 Warnings, 0 Critical Warnings and 3 Errors encountered.
synth_design failed
ERROR: [Common 17-69] Command failed: Synthesis failed - please see the console or run log file for details
INFO: [Common 17-206] Exiting Vivado at Thu Feb  8 13:59:01 2024...
